0 info it worked if it ends with ok
1 verbose cli [ '/usr/local/bin/node',
1 verbose cli   '/usr/local/bin/npm',
1 verbose cli   'install',
1 verbose cli   'karma-html2js' ]
2 info using npm@1.4.28
3 info using node@v0.10.32
4 verbose readDependencies using package.json deps
5 verbose cache add [ 'karma-html2js', null ]
6 verbose cache add name=undefined spec="karma-html2js" args=["karma-html2js",null]
7 verbose parsed url { protocol: null,
7 verbose parsed url   slashes: null,
7 verbose parsed url   auth: null,
7 verbose parsed url   host: null,
7 verbose parsed url   port: null,
7 verbose parsed url   hostname: null,
7 verbose parsed url   hash: null,
7 verbose parsed url   search: null,
7 verbose parsed url   query: null,
7 verbose parsed url   pathname: 'karma-html2js',
7 verbose parsed url   path: 'karma-html2js',
7 verbose parsed url   href: 'karma-html2js' }
8 silly lockFile faf7919d-karma-html2js karma-html2js
9 verbose lock karma-html2js /home/daniel/.npm/faf7919d-karma-html2js.lock
10 silly lockFile faf7919d-karma-html2js karma-html2js
11 silly lockFile faf7919d-karma-html2js karma-html2js
12 verbose addNamed [ 'karma-html2js', '' ]
13 verbose addNamed [ null, '*' ]
14 silly lockFile 4bc4e44a-karma-html2js karma-html2js@
15 verbose lock karma-html2js@ /home/daniel/.npm/4bc4e44a-karma-html2js.lock
16 silly addNameRange { name: 'karma-html2js', range: '*', hasData: false }
17 verbose request where is /karma-html2js
18 verbose request registry https://registry.npmjs.org/
19 verbose request id 822e7bc071c04628
20 verbose url raw /karma-html2js
21 verbose url resolving [ 'https://registry.npmjs.org/', './karma-html2js' ]
22 verbose url resolved https://registry.npmjs.org/karma-html2js
23 verbose request where is https://registry.npmjs.org/karma-html2js
24 info trying registry request attempt 1 at 17:53:43
25 http GET https://registry.npmjs.org/karma-html2js
26 http 404 https://registry.npmjs.org/karma-html2js
27 silly registry.get cb [ 404,
27 silly registry.get   { 'content-type': 'application/json',
27 silly registry.get     'cache-control': 'max-age=0',
27 silly registry.get     'content-length': '2',
27 silly registry.get     'accept-ranges': 'bytes',
27 silly registry.get     date: 'Wed, 23 Dec 2015 10:53:44 GMT',
27 silly registry.get     via: '1.1 varnish',
27 silly registry.get     age: '0',
27 silly registry.get     connection: 'keep-alive',
27 silly registry.get     'x-served-by': 'cache-sin6922-SIN',
27 silly registry.get     'x-cache': 'MISS',
27 silly registry.get     'x-cache-hits': '0',
27 silly registry.get     'x-timer': 'S1450868024.626034,VS0,VE228' } ]
28 silly lockFile 4bc4e44a-karma-html2js karma-html2js@
29 silly lockFile 4bc4e44a-karma-html2js karma-html2js@
30 error 404 Not Found
30 error 404
30 error 404 'karma-html2js' is not in the npm registry.
30 error 404 You should bug the author to publish it
30 error 404 It was specified as a dependency of 'kanban_client'
30 error 404
30 error 404 Note that you can also install from a
30 error 404 tarball, folder, or http url, or git url.
31 error System Linux 3.13.0-73-generic
32 error command "/usr/local/bin/node" "/usr/local/bin/npm" "install" "karma-html2js"
33 error cwd /home/daniel/projects/kanban_client
34 error node -v v0.10.32
35 error npm -v 1.4.28
36 error code E404
37 verbose exit [ 1, true ]
